2018-05-28 09:38:10,334 ERROR: Exception on /user_profile [GET] [in /home/salesvictor/.local/share/virtualenvs/PyTube-ZcennWwD/lib/python3.6/site-packages/flask/app.py:1761]
Traceback (most recent call last):
  File "/home/salesvictor/.local/share/virtualenvs/PyTube-ZcennWwD/lib/python3.6/site-packages/flask/app.py", line 2292, in wsgi_app
    response = self.full_dispatch_request()
  File "/home/salesvictor/.local/share/virtualenvs/PyTube-ZcennWwD/lib/python3.6/site-packages/flask/app.py", line 1815, in full_dispatch_request
    rv = self.handle_user_exception(e)
  File "/home/salesvictor/.local/share/virtualenvs/PyTube-ZcennWwD/lib/python3.6/site-packages/flask/app.py", line 1718, in handle_user_exception
    reraise(exc_type, exc_value, tb)
  File "/home/salesvictor/.local/share/virtualenvs/PyTube-ZcennWwD/lib/python3.6/site-packages/flask/_compat.py", line 35, in reraise
    raise value
  File "/home/salesvictor/.local/share/virtualenvs/PyTube-ZcennWwD/lib/python3.6/site-packages/flask/app.py", line 1813, in full_dispatch_request
    rv = self.dispatch_request()
  File "/home/salesvictor/.local/share/virtualenvs/PyTube-ZcennWwD/lib/python3.6/site-packages/flask/app.py", line 1799, in dispatch_request
    return self.view_functions[rule.endpoint](**req.view_args)
  File "/home/salesvictor/PyTube/app/routes.py", line 11, in user_profile
    return render_template('user_profile.html')
  File "/home/salesvictor/.local/share/virtualenvs/PyTube-ZcennWwD/lib/python3.6/site-packages/flask/templating.py", line 134, in render_template
    return _render(ctx.app.jinja_env.get_or_select_template(template_name_or_list),
  File "/home/salesvictor/.local/share/virtualenvs/PyTube-ZcennWwD/lib/python3.6/site-packages/jinja2/environment.py", line 869, in get_or_select_template
    return self.get_template(template_name_or_list, parent, globals)
  File "/home/salesvictor/.local/share/virtualenvs/PyTube-ZcennWwD/lib/python3.6/site-packages/jinja2/environment.py", line 830, in get_template
    return self._load_template(name, self.make_globals(globals))
  File "/home/salesvictor/.local/share/virtualenvs/PyTube-ZcennWwD/lib/python3.6/site-packages/jinja2/environment.py", line 804, in _load_template
    template = self.loader.load(self, name, globals)
  File "/home/salesvictor/.local/share/virtualenvs/PyTube-ZcennWwD/lib/python3.6/site-packages/jinja2/loaders.py", line 113, in load
    source, filename, uptodate = self.get_source(environment, name)
  File "/home/salesvictor/.local/share/virtualenvs/PyTube-ZcennWwD/lib/python3.6/site-packages/flask/templating.py", line 58, in get_source
    return self._get_source_fast(environment, template)
  File "/home/salesvictor/.local/share/virtualenvs/PyTube-ZcennWwD/lib/python3.6/site-packages/flask/templating.py", line 86, in _get_source_fast
    raise TemplateNotFound(template)
jinja2.exceptions.TemplateNotFound: user_profile.html
2018-05-28 09:39:48,980 INFO: PyTube Startup [in /home/salesvictor/PyTube/app/__init__.py:33]
2018-05-28 09:39:53,270 ERROR: Exception on /user_profile [GET] [in /home/salesvictor/.local/share/virtualenvs/PyTube-ZcennWwD/lib/python3.6/site-packages/flask/app.py:1761]
Traceback (most recent call last):
  File "/home/salesvictor/.local/share/virtualenvs/PyTube-ZcennWwD/lib/python3.6/site-packages/flask/app.py", line 2292, in wsgi_app
    response = self.full_dispatch_request()
  File "/home/salesvictor/.local/share/virtualenvs/PyTube-ZcennWwD/lib/python3.6/site-packages/flask/app.py", line 1815, in full_dispatch_request
    rv = self.handle_user_exception(e)
  File "/home/salesvictor/.local/share/virtualenvs/PyTube-ZcennWwD/lib/python3.6/site-packages/flask/app.py", line 1718, in handle_user_exception
    reraise(exc_type, exc_value, tb)
  File "/home/salesvictor/.local/share/virtualenvs/PyTube-ZcennWwD/lib/python3.6/site-packages/flask/_compat.py", line 35, in reraise
    raise value
  File "/home/salesvictor/.local/share/virtualenvs/PyTube-ZcennWwD/lib/python3.6/site-packages/flask/app.py", line 1813, in full_dispatch_request
    rv = self.dispatch_request()
  File "/home/salesvictor/.local/share/virtualenvs/PyTube-ZcennWwD/lib/python3.6/site-packages/flask/app.py", line 1799, in dispatch_request
    return self.view_functions[rule.endpoint](**req.view_args)
  File "/home/salesvictor/PyTube/app/routes.py", line 11, in user_profile
    return render_template('user_profile.html')
  File "/home/salesvictor/.local/share/virtualenvs/PyTube-ZcennWwD/lib/python3.6/site-packages/flask/templating.py", line 134, in render_template
    return _render(ctx.app.jinja_env.get_or_select_template(template_name_or_list),
  File "/home/salesvictor/.local/share/virtualenvs/PyTube-ZcennWwD/lib/python3.6/site-packages/jinja2/environment.py", line 869, in get_or_select_template
    return self.get_template(template_name_or_list, parent, globals)
  File "/home/salesvictor/.local/share/virtualenvs/PyTube-ZcennWwD/lib/python3.6/site-packages/jinja2/environment.py", line 830, in get_template
    return self._load_template(name, self.make_globals(globals))
  File "/home/salesvictor/.local/share/virtualenvs/PyTube-ZcennWwD/lib/python3.6/site-packages/jinja2/environment.py", line 804, in _load_template
    template = self.loader.load(self, name, globals)
  File "/home/salesvictor/.local/share/virtualenvs/PyTube-ZcennWwD/lib/python3.6/site-packages/jinja2/loaders.py", line 113, in load
    source, filename, uptodate = self.get_source(environment, name)
  File "/home/salesvictor/.local/share/virtualenvs/PyTube-ZcennWwD/lib/python3.6/site-packages/flask/templating.py", line 58, in get_source
    return self._get_source_fast(environment, template)
  File "/home/salesvictor/.local/share/virtualenvs/PyTube-ZcennWwD/lib/python3.6/site-packages/flask/templating.py", line 86, in _get_source_fast
    raise TemplateNotFound(template)
jinja2.exceptions.TemplateNotFound: user_profile.html
2018-05-28 09:49:01,692 INFO: PyTube Startup [in /home/salesvictor/PyTube/app/__init__.py:33]
2018-05-28 09:51:50,277 INFO: PyTube Startup [in /home/salesvictor/PyTube/app/__init__.py:33]
2018-05-28 09:51:57,412 ERROR: Exception on /user_profile [GET] [in /home/salesvictor/.local/share/virtualenvs/PyTube-ZcennWwD/lib/python3.6/site-packages/flask/app.py:1761]
Traceback (most recent call last):
  File "/home/salesvictor/.local/share/virtualenvs/PyTube-ZcennWwD/lib/python3.6/site-packages/flask/app.py", line 1813, in full_dispatch_request
    rv = self.dispatch_request()
  File "/home/salesvictor/.local/share/virtualenvs/PyTube-ZcennWwD/lib/python3.6/site-packages/flask/app.py", line 1799, in dispatch_request
    return self.view_functions[rule.endpoint](**req.view_args)
  File "/home/salesvictor/PyTube/app/routes.py", line 11, in user_profile
    return render_template('user_profile.html')
  File "/home/salesvictor/.local/share/virtualenvs/PyTube-ZcennWwD/lib/python3.6/site-packages/flask/templating.py", line 134, in render_template
    return _render(ctx.app.jinja_env.get_or_select_template(template_name_or_list),
  File "/home/salesvictor/.local/share/virtualenvs/PyTube-ZcennWwD/lib/python3.6/site-packages/jinja2/environment.py", line 869, in get_or_select_template
    return self.get_template(template_name_or_list, parent, globals)
  File "/home/salesvictor/.local/share/virtualenvs/PyTube-ZcennWwD/lib/python3.6/site-packages/jinja2/environment.py", line 830, in get_template
    return self._load_template(name, self.make_globals(globals))
  File "/home/salesvictor/.local/share/virtualenvs/PyTube-ZcennWwD/lib/python3.6/site-packages/jinja2/environment.py", line 804, in _load_template
    template = self.loader.load(self, name, globals)
  File "/home/salesvictor/.local/share/virtualenvs/PyTube-ZcennWwD/lib/python3.6/site-packages/jinja2/loaders.py", line 113, in load
    source, filename, uptodate = self.get_source(environment, name)
  File "/home/salesvictor/.local/share/virtualenvs/PyTube-ZcennWwD/lib/python3.6/site-packages/flask/templating.py", line 58, in get_source
    return self._get_source_fast(environment, template)
  File "/home/salesvictor/.local/share/virtualenvs/PyTube-ZcennWwD/lib/python3.6/site-packages/flask/templating.py", line 86, in _get_source_fast
    raise TemplateNotFound(template)
jinja2.exceptions.TemplateNotFound: user_profile.html

During handling of the above exception, another exception occurred:

Traceback (most recent call last):
  File "/home/salesvictor/.local/share/virtualenvs/PyTube-ZcennWwD/lib/python3.6/site-packages/flask/app.py", line 2292, in wsgi_app
    response = self.full_dispatch_request()
  File "/home/salesvictor/.local/share/virtualenvs/PyTube-ZcennWwD/lib/python3.6/site-packages/flask/app.py", line 1815, in full_dispatch_request
    rv = self.handle_user_exception(e)
  File "/home/salesvictor/.local/share/virtualenvs/PyTube-ZcennWwD/lib/python3.6/site-packages/flask/app.py", line 1719, in handle_user_exception
    return handler(e)
  File "/home/salesvictor/PyTube/app/errors.py", line 11, in generic_error
    if isinstance(error, HTTPException):
NameError: name 'HTTPException' is not defined
2018-05-28 09:52:28,994 INFO: PyTube Startup [in /home/salesvictor/PyTube/app/__init__.py:33]
2018-05-28 09:52:32,466 ERROR: Exception on /user_profile [GET] [in /home/salesvictor/.local/share/virtualenvs/PyTube-ZcennWwD/lib/python3.6/site-packages/flask/app.py:1761]
Traceback (most recent call last):
  File "/home/salesvictor/.local/share/virtualenvs/PyTube-ZcennWwD/lib/python3.6/site-packages/flask/app.py", line 1813, in full_dispatch_request
    rv = self.dispatch_request()
  File "/home/salesvictor/.local/share/virtualenvs/PyTube-ZcennWwD/lib/python3.6/site-packages/flask/app.py", line 1799, in dispatch_request
    return self.view_functions[rule.endpoint](**req.view_args)
  File "/home/salesvictor/PyTube/app/routes.py", line 11, in user_profile
    return render_template('user_profile.html')
  File "/home/salesvictor/.local/share/virtualenvs/PyTube-ZcennWwD/lib/python3.6/site-packages/flask/templating.py", line 134, in render_template
    return _render(ctx.app.jinja_env.get_or_select_template(template_name_or_list),
  File "/home/salesvictor/.local/share/virtualenvs/PyTube-ZcennWwD/lib/python3.6/site-packages/jinja2/environment.py", line 869, in get_or_select_template
    return self.get_template(template_name_or_list, parent, globals)
  File "/home/salesvictor/.local/share/virtualenvs/PyTube-ZcennWwD/lib/python3.6/site-packages/jinja2/environment.py", line 830, in get_template
    return self._load_template(name, self.make_globals(globals))
  File "/home/salesvictor/.local/share/virtualenvs/PyTube-ZcennWwD/lib/python3.6/site-packages/jinja2/environment.py", line 804, in _load_template
    template = self.loader.load(self, name, globals)
  File "/home/salesvictor/.local/share/virtualenvs/PyTube-ZcennWwD/lib/python3.6/site-packages/jinja2/loaders.py", line 113, in load
    source, filename, uptodate = self.get_source(environment, name)
  File "/home/salesvictor/.local/share/virtualenvs/PyTube-ZcennWwD/lib/python3.6/site-packages/flask/templating.py", line 58, in get_source
    return self._get_source_fast(environment, template)
  File "/home/salesvictor/.local/share/virtualenvs/PyTube-ZcennWwD/lib/python3.6/site-packages/flask/templating.py", line 86, in _get_source_fast
    raise TemplateNotFound(template)
jinja2.exceptions.TemplateNotFound: user_profile.html

During handling of the above exception, another exception occurred:

Traceback (most recent call last):
  File "/home/salesvictor/.local/share/virtualenvs/PyTube-ZcennWwD/lib/python3.6/site-packages/flask/app.py", line 2292, in wsgi_app
    response = self.full_dispatch_request()
  File "/home/salesvictor/.local/share/virtualenvs/PyTube-ZcennWwD/lib/python3.6/site-packages/flask/app.py", line 1815, in full_dispatch_request
    rv = self.handle_user_exception(e)
  File "/home/salesvictor/.local/share/virtualenvs/PyTube-ZcennWwD/lib/python3.6/site-packages/flask/app.py", line 1719, in handle_user_exception
    return handler(e)
  File "/home/salesvictor/PyTube/app/errors.py", line 14, in generic_error
    return render_template('error.html', error=error), HTTPExceptionde
NameError: name 'HTTPExceptionde' is not defined
2018-05-28 09:52:38,872 INFO: PyTube Startup [in /home/salesvictor/PyTube/app/__init__.py:33]
2018-05-28 09:52:49,406 INFO: PyTube Startup [in /home/salesvictor/PyTube/app/__init__.py:33]
2018-05-28 09:53:16,917 INFO: PyTube Startup [in /home/salesvictor/PyTube/app/__init__.py:33]
2018-05-28 10:07:10,100 INFO: PyTube Startup [in /home/salesvictor/PyTube/app/__init__.py:33]
2018-05-28 10:11:05,921 INFO: PyTube Startup [in /home/salesvictor/PyTube/app/__init__.py:33]
2018-05-28 10:13:47,035 INFO: PyTube Startup [in /home/salesvictor/PyTube/app/__init__.py:33]
2018-05-28 10:14:21,591 INFO: PyTube Startup [in /home/salesvictor/PyTube/app/__init__.py:33]
2018-05-28 10:15:16,716 INFO: PyTube Startup [in /home/salesvictor/PyTube/app/__init__.py:33]
2018-05-28 10:16:23,274 INFO: PyTube Startup [in /home/salesvictor/PyTube/app/__init__.py:33]
2018-05-28 10:16:45,788 INFO: PyTube Startup [in /home/salesvictor/PyTube/app/__init__.py:33]
2018-05-28 10:18:08,437 INFO: PyTube Startup [in /home/salesvictor/PyTube/app/__init__.py:33]
2018-05-28 10:18:29,906 INFO: PyTube Startup [in /home/salesvictor/PyTube/app/__init__.py:33]
2018-05-28 10:19:00,227 INFO: PyTube Startup [in /home/salesvictor/PyTube/app/__init__.py:33]
2018-05-28 10:20:02,230 INFO: PyTube Startup [in /home/salesvictor/PyTube/app/__init__.py:33]
2018-05-28 10:20:19,050 INFO: PyTube Startup [in /home/salesvictor/PyTube/app/__init__.py:33]
2018-05-28 10:21:32,551 INFO: PyTube Startup [in /home/salesvictor/PyTube/app/__init__.py:33]
2018-05-28 10:23:09,276 INFO: PyTube Startup [in /home/salesvictor/PyTube/app/__init__.py:33]
2018-05-28 10:23:24,005 INFO: PyTube Startup [in /home/salesvictor/PyTube/app/__init__.py:33]
2018-05-28 10:25:09,363 INFO: PyTube Startup [in /home/salesvictor/PyTube/app/__init__.py:33]
2018-05-28 15:49:23,693 INFO: PyTube Startup [in C:\Users\diego\Desktop\ITA\ITA\5Semestre\CES-22\PyTube\app\__init__.py:33]
2018-05-28 16:23:28,520 INFO: PyTube Startup [in C:\Users\diego\Desktop\ITA\ITA\5Semestre\CES-22\PyTube\app\__init__.py:33]
2018-05-28 16:24:49,000 INFO: PyTube Startup [in C:\Users\diego\Desktop\ITA\ITA\5Semestre\CES-22\PyTube\app\__init__.py:33]
2018-05-28 16:25:27,271 INFO: PyTube Startup [in C:\Users\diego\Desktop\ITA\ITA\5Semestre\CES-22\PyTube\app\__init__.py:33]
2018-05-28 16:28:56,257 INFO: PyTube Startup [in C:\Users\diego\Desktop\ITA\ITA\5Semestre\CES-22\PyTube\app\__init__.py:33]
2018-05-28 16:30:33,136 INFO: PyTube Startup [in C:\Users\diego\Desktop\ITA\ITA\5Semestre\CES-22\PyTube\app\__init__.py:33]
2018-05-28 16:36:18,772 INFO: PyTube Startup [in C:\Users\diego\Desktop\ITA\ITA\5Semestre\CES-22\PyTube\app\__init__.py:33]
2018-05-28 16:42:20,705 INFO: PyTube Startup [in C:\Users\diego\Desktop\ITA\ITA\5Semestre\CES-22\PyTube\app\__init__.py:33]
2018-05-28 16:43:15,402 INFO: PyTube Startup [in C:\Users\diego\Desktop\ITA\ITA\5Semestre\CES-22\PyTube\app\__init__.py:33]
2018-05-28 16:43:51,370 INFO: PyTube Startup [in C:\Users\diego\Desktop\ITA\ITA\5Semestre\CES-22\PyTube\app\__init__.py:33]
2018-05-28 16:44:43,127 INFO: PyTube Startup [in C:\Users\diego\Desktop\ITA\ITA\5Semestre\CES-22\PyTube\app\__init__.py:33]
2018-05-28 16:47:42,459 INFO: PyTube Startup [in C:\Users\diego\Desktop\ITA\ITA\5Semestre\CES-22\PyTube\app\__init__.py:33]
2018-05-28 16:51:26,852 INFO: PyTube Startup [in C:\Users\diego\Desktop\ITA\ITA\5Semestre\CES-22\PyTube\app\__init__.py:33]
2018-05-28 17:01:04,429 INFO: PyTube Startup [in C:\Users\diego\Desktop\ITA\ITA\5Semestre\CES-22\PyTube\app\__init__.py:33]
2018-05-28 17:03:18,386 INFO: PyTube Startup [in C:\Users\diego\Desktop\ITA\ITA\5Semestre\CES-22\PyTube\app\__init__.py:33]
2018-05-28 17:04:19,814 INFO: PyTube Startup [in C:\Users\diego\Desktop\ITA\ITA\5Semestre\CES-22\PyTube\app\__init__.py:33]
2018-05-28 17:06:12,672 INFO: PyTube Startup [in C:\Users\diego\Desktop\ITA\ITA\5Semestre\CES-22\PyTube\app\__init__.py:33]
2018-05-28 17:08:00,815 INFO: PyTube Startup [in C:\Users\diego\Desktop\ITA\ITA\5Semestre\CES-22\PyTube\app\__init__.py:33]
2018-05-28 17:09:40,151 INFO: PyTube Startup [in C:\Users\diego\Desktop\ITA\ITA\5Semestre\CES-22\PyTube\app\__init__.py:33]
2018-05-28 17:10:06,462 INFO: PyTube Startup [in C:\Users\diego\Desktop\ITA\ITA\5Semestre\CES-22\PyTube\app\__init__.py:33]
2018-05-28 17:10:33,735 INFO: PyTube Startup [in C:\Users\diego\Desktop\ITA\ITA\5Semestre\CES-22\PyTube\app\__init__.py:33]
2018-05-28 17:13:51,667 INFO: PyTube Startup [in C:\Users\diego\Desktop\ITA\ITA\5Semestre\CES-22\PyTube\app\__init__.py:33]
2018-05-28 17:18:13,363 INFO: PyTube Startup [in C:\Users\diego\Desktop\ITA\ITA\5Semestre\CES-22\PyTube\app\__init__.py:33]
2018-05-28 17:19:14,618 INFO: PyTube Startup [in C:\Users\diego\Desktop\ITA\ITA\5Semestre\CES-22\PyTube\app\__init__.py:33]
2018-05-28 17:20:29,106 INFO: PyTube Startup [in C:\Users\diego\Desktop\ITA\ITA\5Semestre\CES-22\PyTube\app\__init__.py:33]
2018-05-28 17:21:23,959 INFO: PyTube Startup [in C:\Users\diego\Desktop\ITA\ITA\5Semestre\CES-22\PyTube\app\__init__.py:33]
2018-05-28 17:22:09,803 INFO: PyTube Startup [in C:\Users\diego\Desktop\ITA\ITA\5Semestre\CES-22\PyTube\app\__init__.py:33]
2018-05-28 17:22:41,569 INFO: PyTube Startup [in C:\Users\diego\Desktop\ITA\ITA\5Semestre\CES-22\PyTube\app\__init__.py:33]
2018-05-28 17:26:06,659 INFO: PyTube Startup [in C:\Users\diego\Desktop\ITA\ITA\5Semestre\CES-22\PyTube\app\__init__.py:33]
2018-05-28 17:27:14,876 INFO: PyTube Startup [in C:\Users\diego\Desktop\ITA\ITA\5Semestre\CES-22\PyTube\app\__init__.py:33]
2018-05-28 17:31:39,245 INFO: PyTube Startup [in C:\Users\diego\Desktop\ITA\ITA\5Semestre\CES-22\PyTube\app\__init__.py:33]
2018-05-28 17:36:30,309 INFO: PyTube Startup [in C:\Users\diego\Desktop\ITA\ITA\5Semestre\CES-22\PyTube\app\__init__.py:33]
2018-05-28 17:37:38,533 INFO: PyTube Startup [in C:\Users\diego\Desktop\ITA\ITA\5Semestre\CES-22\PyTube\app\__init__.py:33]
2018-05-28 17:39:49,254 INFO: PyTube Startup [in C:\Users\diego\Desktop\ITA\ITA\5Semestre\CES-22\PyTube\app\__init__.py:33]
2018-05-28 17:48:17,259 INFO: PyTube Startup [in C:\Users\diego\Desktop\ITA\ITA\5Semestre\CES-22\PyTube\app\__init__.py:33]
2018-05-28 17:49:05,785 INFO: PyTube Startup [in C:\Users\diego\Desktop\ITA\ITA\5Semestre\CES-22\PyTube\app\__init__.py:33]
2018-05-28 17:54:03,893 INFO: PyTube Startup [in C:\Users\diego\Desktop\ITA\ITA\5Semestre\CES-22\PyTube\app\__init__.py:33]
2018-05-28 17:57:35,243 INFO: PyTube Startup [in C:\Users\diego\Desktop\ITA\ITA\5Semestre\CES-22\PyTube\app\__init__.py:33]
2018-05-28 17:59:26,779 INFO: PyTube Startup [in C:\Users\diego\Desktop\ITA\ITA\5Semestre\CES-22\PyTube\app\__init__.py:33]
2018-05-28 18:00:03,042 INFO: PyTube Startup [in C:\Users\diego\Desktop\ITA\ITA\5Semestre\CES-22\PyTube\app\__init__.py:33]
2018-05-28 18:01:10,278 INFO: PyTube Startup [in C:\Users\diego\Desktop\ITA\ITA\5Semestre\CES-22\PyTube\app\__init__.py:33]
2018-05-28 18:02:24,213 INFO: PyTube Startup [in C:\Users\diego\Desktop\ITA\ITA\5Semestre\CES-22\PyTube\app\__init__.py:33]
2018-05-28 18:10:45,082 INFO: PyTube Startup [in C:\Users\diego\Desktop\ITA\ITA\5Semestre\CES-22\PyTube\app\__init__.py:33]
2018-05-28 18:11:49,546 INFO: PyTube Startup [in C:\Users\diego\Desktop\ITA\ITA\5Semestre\CES-22\PyTube\app\__init__.py:33]
2018-05-28 18:12:57,183 INFO: PyTube Startup [in C:\Users\diego\Desktop\ITA\ITA\5Semestre\CES-22\PyTube\app\__init__.py:33]
2018-05-28 18:13:38,872 INFO: PyTube Startup [in C:\Users\diego\Desktop\ITA\ITA\5Semestre\CES-22\PyTube\app\__init__.py:33]
2018-05-28 18:15:44,779 INFO: PyTube Startup [in C:\Users\diego\Desktop\ITA\ITA\5Semestre\CES-22\PyTube\app\__init__.py:33]
2018-05-28 18:18:13,644 INFO: PyTube Startup [in C:\Users\diego\Desktop\ITA\ITA\5Semestre\CES-22\PyTube\app\__init__.py:33]
2018-05-28 18:18:32,744 INFO: PyTube Startup [in C:\Users\diego\Desktop\ITA\ITA\5Semestre\CES-22\PyTube\app\__init__.py:33]
2018-05-28 18:22:26,868 INFO: PyTube Startup [in C:\Users\diego\Desktop\ITA\ITA\5Semestre\CES-22\PyTube\app\__init__.py:33]
2018-05-28 18:31:55,930 INFO: PyTube Startup [in C:\Users\diego\Desktop\ITA\ITA\5Semestre\CES-22\PyTube\app\__init__.py:33]
2018-05-29 09:44:45,490 INFO: PyTube Startup [in C:\Users\diego\Desktop\ITA\ITA\5Semestre\CES-22\PyTube\app\__init__.py:33]
2018-05-29 09:45:14,365 INFO: PyTube Startup [in C:\Users\diego\Desktop\ITA\ITA\5Semestre\CES-22\PyTube\app\__init__.py:33]
2018-05-29 09:53:46,537 INFO: PyTube Startup [in C:\Users\diego\Desktop\ITA\ITA\5Semestre\CES-22\PyTube\app\__init__.py:33]
2018-05-29 09:53:51,914 INFO: PyTube Startup [in C:\Users\diego\Desktop\ITA\ITA\5Semestre\CES-22\PyTube\app\__init__.py:33]
2018-05-29 10:01:47,972 INFO: PyTube Startup [in C:\Users\diego\Desktop\ITA\ITA\5Semestre\CES-22\PyTube\app\__init__.py:33]
2018-05-29 10:40:06,058 INFO: PyTube Startup [in C:\Users\diego\Desktop\ITA\ITA\5Semestre\CES-22\PyTube\app\__init__.py:33]
2018-05-29 10:43:16,264 INFO: PyTube Startup [in C:\Users\diego\Desktop\ITA\ITA\5Semestre\CES-22\PyTube\app\__init__.py:33]
2018-05-29 10:46:46,764 INFO: PyTube Startup [in C:\Users\diego\Desktop\ITA\ITA\5Semestre\CES-22\PyTube\app\__init__.py:33]
2018-05-29 10:48:43,733 INFO: PyTube Startup [in C:\Users\diego\Desktop\ITA\ITA\5Semestre\CES-22\PyTube\app\__init__.py:33]
2018-05-29 10:59:21,920 INFO: PyTube Startup [in C:\Users\diego\Desktop\ITA\ITA\5Semestre\CES-22\PyTube\app\__init__.py:33]
2018-05-29 11:06:26,070 INFO: PyTube Startup [in C:\Users\diego\Desktop\ITA\ITA\5Semestre\CES-22\PyTube\app\__init__.py:33]
2018-05-29 11:07:09,957 INFO: PyTube Startup [in C:\Users\diego\Desktop\ITA\ITA\5Semestre\CES-22\PyTube\app\__init__.py:33]
2018-05-29 11:08:40,617 INFO: PyTube Startup [in C:\Users\diego\Desktop\ITA\ITA\5Semestre\CES-22\PyTube\app\__init__.py:33]
2018-05-29 11:12:38,424 INFO: PyTube Startup [in C:\Users\diego\Desktop\ITA\ITA\5Semestre\CES-22\PyTube\app\__init__.py:33]
2018-05-29 11:21:18,445 INFO: PyTube Startup [in C:\Users\diego\Desktop\ITA\ITA\5Semestre\CES-22\PyTube\app\__init__.py:33]
2018-05-29 11:22:28,087 INFO: PyTube Startup [in C:\Users\diego\Desktop\ITA\ITA\5Semestre\CES-22\PyTube\app\__init__.py:33]
2018-05-29 11:25:05,157 INFO: PyTube Startup [in C:\Users\diego\Desktop\ITA\ITA\5Semestre\CES-22\PyTube\app\__init__.py:33]
2018-05-29 11:35:29,042 INFO: PyTube Startup [in C:\Users\diego\Desktop\ITA\ITA\5Semestre\CES-22\PyTube\app\__init__.py:33]
2018-05-29 11:36:10,237 INFO: PyTube Startup [in C:\Users\diego\Desktop\ITA\ITA\5Semestre\CES-22\PyTube\app\__init__.py:33]
2018-05-29 11:37:46,161 INFO: PyTube Startup [in C:\Users\diego\Desktop\ITA\ITA\5Semestre\CES-22\PyTube\app\__init__.py:33]
2018-05-29 11:38:29,889 INFO: PyTube Startup [in C:\Users\diego\Desktop\ITA\ITA\5Semestre\CES-22\PyTube\app\__init__.py:33]
2018-05-29 11:38:57,177 INFO: PyTube Startup [in C:\Users\diego\Desktop\ITA\ITA\5Semestre\CES-22\PyTube\app\__init__.py:33]
2018-05-29 11:41:03,257 INFO: PyTube Startup [in C:\Users\diego\Desktop\ITA\ITA\5Semestre\CES-22\PyTube\app\__init__.py:33]
2018-05-29 11:42:06,254 INFO: PyTube Startup [in C:\Users\diego\Desktop\ITA\ITA\5Semestre\CES-22\PyTube\app\__init__.py:33]
